{
  message: 'Database is connected successfully',
  level: 'info',
  label: 'PH',
  timestamp: '2023-06-20T13:42:13.167Z'
}
{
  message: 'Application listening on port 5000',
  level: 'info',
  label: 'PH',
  timestamp: '2023-06-20T13:42:13.237Z'
}
{
  message: 'Database is connected successfully',
  level: 'info',
  label: 'PH',
  timestamp: '2023-06-20T13:43:37.779Z'
}
{
  message: 'Application listening on port 5000',
  level: 'info',
  label: 'PH',
  timestamp: '2023-06-20T13:43:37.905Z'
}
{
  message: 'Database is connected successfully',
  level: 'info',
  label: 'PH',
  timestamp: '2023-06-20T13:46:09.313Z'
}
{
  message: 'Application listening on port 5000',
  level: 'info',
  label: 'PH',
  timestamp: '2023-06-20T13:46:09.410Z'
}
