{"level":"info","message":"Database is connected successfully"}
{"level":"info","message":"Application listening on port 5000"}
{"level":"info","message":"Database is connected successfully"}
{"level":"info","message":"Application listening on port 5000"}
{"level":"info","message":"Database is connected successfully"}
{"level":"info","message":"Application listening on port 5000"}
{"level":"info","message":"Database is connected successfully"}
{"level":"info","message":"Application listening on port 5000"}
2023-06-04T06:15:30.343Z [right meow!] info: Database is connected successfully
2023-06-04T06:15:30.436Z [right meow!] info: Application listening on port 5000
Sun Jun 04 2023 12:45:13}[PH] info: Database is connected successfully
Sun Jun 04 2023 12:45:13}[PH] info: Application listening on port 5000
Sun Jun 04 2023 12:58:12}[PH] info: Database is connected successfully
Sun Jun 04 2023 12:58:12}[PH] info: Application listening on port 5000
{
  message: 'Database is connected successfully',
  level: 'info',
  label: 'PH',
  timestamp: '2023-06-04T07:05:32.008Z'
}
{
  message: 'Application listening on port 5000',
  level: 'info',
  label: 'PH',
  timestamp: '2023-06-04T07:05:32.139Z'
}
